2021-11-16 16:19:27.884  INFO 10412 --- [main] t.e.spring.EntrepriseServiceImplTest     : Starting EntrepriseServiceImplTest on DESKTOP-6AQVNL9 with PID 10412 (started by Skill in C:\Users\Skill\IdeaProjects\MyTimeSheet)
2021-11-16 16:19:27.884  INFO 10412 --- [main] t.e.spring.EntrepriseServiceImplTest     : No active profile set, falling back to default profiles: default
2021-11-16 16:19:29.509  INFO 10412 --- [main] .s.d.r.c.RepositoryConfigurationDelegate : Bootstrapping Spring Data repositories in DEFAULT mode.
2021-11-16 16:19:29.696  INFO 10412 --- [main] .s.d.r.c.RepositoryConfigurationDelegate : Finished Spring Data repository scanning in 172ms. Found 6 repository interfaces.
2021-11-16 16:19:30.462  INFO 10412 --- [main] trationDelegate$BeanPostProcessorChecker : Bean 'org.springframework.transaction.annotation.ProxyTransactionManagementConfiguration' of type [org.springframework.transaction.annotation.ProxyTransactionManagementConfiguration$$EnhancerBySpringCGLIB$$7a107b9] is not eligible for getting processed by all BeanPostProcessors (for example: not eligible for auto-proxying)
2021-11-16 16:19:31.178  INFO 10412 --- [main] com.zaxxer.hikari.HikariDataSource       : HikariPool-1 - Starting...
2021-11-16 16:19:32.350  INFO 10412 --- [main] com.zaxxer.hikari.HikariDataSource       : HikariPool-1 - Start completed.
2021-11-16 16:19:32.647  INFO 10412 --- [main] o.hibernate.jpa.internal.util.LogHelper  : HHH000204: Processing PersistenceUnitInfo [
	name: default
	...]
2021-11-16 16:19:32.756  INFO 10412 --- [main] org.hibernate.Version                    : HHH000412: Hibernate Core {5.3.9.Final}
2021-11-16 16:19:32.756  INFO 10412 --- [main] org.hibernate.cfg.Environment            : HHH000206: hibernate.properties not found
2021-11-16 16:19:33.304  INFO 10412 --- [main] o.hibernate.annotations.common.Version   : HCANN000001: Hibernate Commons Annotations {5.0.4.Final}
2021-11-16 16:19:33.882  INFO 10412 --- [main] org.hibernate.dialect.Dialect            : HHH000400: Using dialect: org.hibernate.dialect.MySQL5Dialect
2021-11-16 16:19:39.917  INFO 10412 --- [main] j.LocalContainerEntityManagerFactoryBean : Initialized JPA EntityManagerFactory for persistence unit 'default'
2021-11-16 16:19:41.586  INFO 10412 --- [main] o.h.h.i.QueryTranslatorFactoryInitiator  : HHH000397: Using ASTQueryTranslatorFactory
2021-11-16 16:19:47.912  INFO 10412 --- [main] o.s.s.concurrent.ThreadPoolTaskExecutor  : Initializing ExecutorService 'applicationTaskExecutor'
2021-11-16 16:19:48.428  WARN 10412 --- [main] aWebConfiguration$JpaWebMvcConfiguration : spring.jpa.open-in-view is enabled by default. Therefore, database queries may be performed during view rendering. Explicitly configure spring.jpa.open-in-view to disable this warning
2021-11-16 16:19:49.375  INFO 10412 --- [main] t.e.spring.EntrepriseServiceImplTest     : Started EntrepriseServiceImplTest in 22.178 seconds (JVM running for 24.441)
2021-11-16 16:19:50.096  INFO 10412 --- [main] t.e.spring.EntrepriseServiceImplTest     : Entreprise deleted successfully
2021-11-16 16:19:50.174  INFO 10412 --- [main] t.e.spring.EntrepriseServiceImplTest     : Department Affected Successfully
2021-11-16 16:19:50.502  INFO 10412 --- [Thread-2] o.s.s.concurrent.ThreadPoolTaskExecutor  : Shutting down ExecutorService 'applicationTaskExecutor'
2021-11-16 16:19:50.502  INFO 10412 --- [Thread-2] j.LocalContainerEntityManagerFactoryBean : Closing JPA EntityManagerFactory for persistence unit 'default'
2021-11-16 16:19:50.518  INFO 10412 --- [Thread-2] com.zaxxer.hikari.HikariDataSource       : HikariPool-1 - Shutdown initiated...
2021-11-16 16:19:50.533  INFO 10412 --- [Thread-2] com.zaxxer.hikari.HikariDataSource       : HikariPool-1 - Shutdown completed.
